0 info it worked if it ends with ok
1 verbose cli [ 'node', '/usr/local/bin/npm', 'install', 'git://' ]
2 info using npm@1.4.28
3 info using node@v0.10.36
4 warn package.json demo@0.1.0 No description
5 warn package.json demo@0.1.0 No repository field.
6 warn package.json demo@0.1.0 No README data
7 warn package.json karma-phantomjs-launcher@0.1.4 No README data
8 verbose readDependencies using package.json deps
9 verbose cache add [ 'git://', null ]
10 verbose cache add name=undefined spec="git://" args=["git://",null]
11 verbose parsed url { protocol: 'git:',
11 verbose parsed url   slashes: true,
11 verbose parsed url   auth: null,
11 verbose parsed url   host: '',
11 verbose parsed url   port: null,
11 verbose parsed url   hostname: '',
11 verbose parsed url   hash: null,
11 verbose parsed url   search: null,
11 verbose parsed url   query: null,
11 verbose parsed url   pathname: null,
11 verbose parsed url   path: null,
11 verbose parsed url   href: 'git://' }
12 error TypeError: Cannot call method 'match' of null
12 error     at addRemoteGit (/usr/local/lib/node_modules/npm/lib/cache/add-remote-git.js:54:23)
12 error     at add (/usr/local/lib/node_modules/npm/lib/cache.js:271:33)
12 error     at Function.cache.add (/usr/local/lib/node_modules/npm/lib/cache.js:208:10)
12 error     at resolver (/usr/local/lib/node_modules/npm/lib/install.js:712:11)
12 error     at /usr/local/lib/node_modules/npm/node_modules/slide/lib/async-map.js:52:35
12 error     at Array.forEach (native)
12 error     at /usr/local/lib/node_modules/npm/node_modules/slide/lib/async-map.js:52:11
12 error     at Array.forEach (native)
12 error     at asyncMap (/usr/local/lib/node_modules/npm/node_modules/slide/lib/async-map.js:51:8)
12 error     at /usr/local/lib/node_modules/npm/lib/install.js:579:5
13 error If you need help, you may report this *entire* log,
13 error including the npm and node versions, at:
13 error     <http://github.com/npm/npm/issues>
14 error System Darwin 14.1.0
15 error command "node" "/usr/local/bin/npm" "install" "git://"
16 error cwd /Users/shmck/Desktop/_current/angular-formly-templates-lumx-master/demo
17 error node -v v0.10.36
18 error npm -v 1.4.28
19 error type non_object_property_call
20 verbose exit [ 1, true ]
